<?xml version="1.0" encoding="UTF-8"?>
<testsuite name="com.jojoldu.book.springboot.web.IndexControllerTest" tests="1" skipped="0" failures="0" errors="0" timestamp="2023-03-15T12:29:21" hostname="DESKTOP-EICTASL" time="0.236">
  <properties/>
  <testcase name="메인페이지_로딩" classname="com.jojoldu.book.springboot.web.IndexControllerTest" time="0.236"/>
  <system-out><![CDATA[2023-03-15 21:29:19.497  INFO 26828 --- [    Test worker] .b.t.c.SpringBootTestContextBootstrapper : Neither @ContextConfiguration nor @ContextHierarchy found for test class [com.jojoldu.book.springboot.web.IndexControllerTest], using SpringBootContextLoader
2023-03-15 21:29:19.498  INFO 26828 --- [    Test worker] o.s.t.c.support.AbstractContextLoader    : Could not detect default resource locations for test class [com.jojoldu.book.springboot.web.IndexControllerTest]: no resource found for suffixes {-context.xml, Context.groovy}.
2023-03-15 21:29:19.498  INFO 26828 --- [    Test worker] t.c.s.AnnotationConfigContextLoaderUtils : Could not detect default configuration classes for test class [com.jojoldu.book.springboot.web.IndexControllerTest]: IndexControllerTest does not declare any static, non-private, non-final, nested classes annotated with @Configuration.
2023-03-15 21:29:19.500  INFO 26828 --- [    Test worker] .b.t.c.SpringBootTestContextBootstrapper : Found @SpringBootConfiguration com.jojoldu.book.springboot.Application for test class com.jojoldu.book.springboot.web.IndexControllerTest
2023-03-15 21:29:19.502  INFO 26828 --- [    Test worker] .b.t.c.SpringBootTestContextBootstrapper : Loaded default TestExecutionListener class names from location [META-INF/spring.factories]: [org.springframework.security.test.context.support.WithSecurityContextTestExecutionListener, org.springframework.security.test.context.support.ReactorContextTestExecutionListener, org.springframework.boot.test.autoconfigure.restdocs.RestDocsTestExecutionListener, org.springframework.boot.test.autoconfigure.web.client.MockRestServiceServerResetTestExecutionListener, org.springframework.boot.test.autoconfigure.web.servlet.MockMvcPrintOnlyOnFailureTestExecutionListener, org.springframework.boot.test.autoconfigure.web.servlet.WebDriverTestExecutionListener, org.springframework.boot.test.mock.mockito.MockitoTestExecutionListener, org.springframework.boot.test.mock.mockito.ResetMocksTestExecutionListener, org.springframework.test.context.web.ServletTestExecutionListener, org.springframework.test.context.support.DirtiesContextBeforeModesTestExecutionListener, org.springframework.test.context.support.DependencyInjectionTestExecutionListener, org.springframework.test.context.support.DirtiesContextTestExecutionListener, org.springframework.test.context.transaction.TransactionalTestExecutionListener, org.springframework.test.context.jdbc.SqlScriptsTestExecutionListener]
2023-03-15 21:29:19.504  INFO 26828 --- [    Test worker] .b.t.c.SpringBootTestContextBootstrapper : Using TestExecutionListeners: [org.springframework.test.context.web.ServletTestExecutionListener@622aca95, org.springframework.test.context.support.DirtiesContextBeforeModesTestExecutionListener@6f6c443c, org.springframework.boot.test.mock.mockito.MockitoTestExecutionListener@1f410246, org.springframework.boot.test.autoconfigure.SpringBootDependencyInjectionTestExecutionListener@593c85ae, org.springframework.test.context.support.DirtiesContextTestExecutionListener@6d76827e, org.springframework.test.context.transaction.TransactionalTestExecutionListener@60b67648, org.springframework.test.context.jdbc.SqlScriptsTestExecutionListener@77721b2a, org.springframework.security.test.context.support.WithSecurityContextTestExecutionListener@4a5ee19f, org.springframework.security.test.context.support.ReactorContextTestExecutionListener@1362efd8, org.springframework.boot.test.autoconfigure.restdocs.RestDocsTestExecutionListener@40b5cfca, org.springframework.boot.test.autoconfigure.web.client.MockRestServiceServerResetTestExecutionListener@277927bd, org.springframework.boot.test.autoconfigure.web.servlet.MockMvcPrintOnlyOnFailureTestExecutionListener@1a1668d4, org.springframework.boot.test.autoconfigure.web.servlet.WebDriverTestExecutionListener@1e8e5861, org.springframework.boot.test.mock.mockito.ResetMocksTestExecutionListener@70ab1fe5]

  .   ____          _            __ _ _
 /\\ / ___'_ __ _ _(_)_ __  __ _ \ \ \ \
( ( )\___ | '_ | '_| | '_ \/ _` | \ \ \ \
 \\/  ___)| |_)| | | | | || (_| |  ) ) ) )
  '  |____| .__|_| |_|_| |_\__, | / / / /
 =========|_|==============|___/=/_/_/_/
 :: Spring Boot ::        (v2.1.7.RELEASE)

2023-03-15 21:29:19.539  INFO 26828 --- [    Test worker] c.j.b.s.web.IndexControllerTest          : Starting IndexControllerTest on DESKTOP-EICTASL with PID 26828 (started by SHW in D:\springboot)
2023-03-15 21:29:19.540  INFO 26828 --- [    Test worker] c.j.b.s.web.IndexControllerTest          : No active profile set, falling back to default profiles: default
2023-03-15 21:29:19.765  INFO 26828 --- [    Test worker] .s.d.r.c.RepositoryConfigurationDelegate : Bootstrapping Spring Data repositories in DEFAULT mode.
2023-03-15 21:29:19.785  INFO 26828 --- [    Test worker] .s.d.r.c.RepositoryConfigurationDelegate : Finished Spring Data repository scanning in 19ms. Found 2 repository interfaces.
2023-03-15 21:29:19.872  INFO 26828 --- [    Test worker] trationDelegate$BeanPostProcessorChecker : Bean 'org.springframework.transaction.annotation.ProxyTransactionManagementConfiguration' of type [org.springframework.transaction.annotation.ProxyTransactionManagementConfiguration$$EnhancerBySpringCGLIB$$d7c529f2] is not eligible for getting processed by all BeanPostProcessors (for example: not eligible for auto-proxying)
2023-03-15 21:29:20.121  INFO 26828 --- [    Test worker] o.s.b.w.embedded.tomcat.TomcatWebServer  : Tomcat initialized with port(s): 0 (http)
2023-03-15 21:29:20.155  INFO 26828 --- [    Test worker] o.apache.catalina.core.StandardService   : Starting service [Tomcat]
2023-03-15 21:29:20.155  INFO 26828 --- [    Test worker] org.apache.catalina.core.StandardEngine  : Starting Servlet engine: [Apache Tomcat/9.0.22]
2023-03-15 21:29:20.388  INFO 26828 --- [    Test worker] o.a.c.c.C.[Tomcat].[localhost].[/]       : Initializing Spring embedded WebApplicationContext
2023-03-15 21:29:20.388  INFO 26828 --- [    Test worker] o.s.web.context.ContextLoader            : Root WebApplicationContext: initialization completed in 846 ms
2023-03-15 21:29:20.609  INFO 26828 --- [    Test worker] com.zaxxer.hikari.HikariDataSource       : HikariPool-2 - Starting...
2023-03-15 21:29:20.611  INFO 26828 --- [    Test worker] com.zaxxer.hikari.HikariDataSource       : HikariPool-2 - Start completed.
2023-03-15 21:29:20.654  INFO 26828 --- [    Test worker] o.hibernate.jpa.internal.util.LogHelper  : HHH000204: Processing PersistenceUnitInfo [
	name: default
	...]
2023-03-15 21:29:20.665  INFO 26828 --- [    Test worker] org.hibernate.dialect.Dialect            : HHH000400: Using dialect: org.hibernate.dialect.MySQL5InnoDBDialect
Hibernate: drop table if exists posts
Hibernate: drop table if exists user
Hibernate: create table posts (id bigint not null auto_increment, created_date datetime, modified_date datetime, author varchar(255), content TEXT not null, title varchar(500) not null, primary key (id)) engine=InnoDB
Hibernate: create table user (id bigint not null auto_increment, created_date datetime, modified_date datetime, email varchar(255) not null, name varchar(255) not null, picture varchar(255), role varchar(255) not null, primary key (id)) engine=InnoDB
2023-03-15 21:29:20.719  INFO 26828 --- [    Test worker] o.h.t.schema.internal.SchemaCreatorImpl  : HHH000476: Executing import script 'org.hibernate.tool.schema.internal.exec.ScriptSourceInputNonExistentImpl@14743d27'
2023-03-15 21:29:20.719  INFO 26828 --- [    Test worker] j.LocalContainerEntityManagerFactoryBean : Initialized JPA EntityManagerFactory for persistence unit 'default'
2023-03-15 21:29:21.077  INFO 26828 --- [    Test worker] o.h.h.i.QueryTranslatorFactoryInitiator  : HHH000397: Using ASTQueryTranslatorFactory
2023-03-15 21:29:21.217  INFO 26828 --- [    Test worker] o.s.s.web.DefaultSecurityFilterChain     : Creating filter chain: any request, [org.springframework.security.web.context.request.async.WebAsyncManagerIntegrationFilter@4717e0b3, org.springframework.security.web.context.SecurityContextPersistenceFilter@1f8cd9cd, org.springframework.security.web.header.HeaderWriterFilter@5584c52d, org.springframework.security.web.authentication.logout.LogoutFilter@52055e14, org.springframework.security.oauth2.client.web.OAuth2AuthorizationRequestRedirectFilter@93cce02, org.springframework.security.oauth2.client.web.OAuth2LoginAuthenticationFilter@573129c0, org.springframework.security.web.authentication.ui.DefaultLoginPageGeneratingFilter@2bbeb81f, org.springframework.security.web.authentication.ui.DefaultLogoutPageGeneratingFilter@1802371b, org.springframework.security.web.savedrequest.RequestCacheAwareFilter@42e409ec, org.springframework.security.web.servletapi.SecurityContextHolderAwareRequestFilter@31ba0130, org.springframework.security.web.authentication.AnonymousAuthenticationFilter@77a1b6c7, org.springframework.security.web.session.SessionManagementFilter@5d3f9a9, org.springframework.security.web.access.ExceptionTranslationFilter@5f8046a6, org.springframework.security.web.access.intercept.FilterSecurityInterceptor@78a4fdcf]
2023-03-15 21:29:21.400  INFO 26828 --- [    Test worker] o.s.s.concurrent.ThreadPoolTaskExecutor  : Initializing ExecutorService 'applicationTaskExecutor'
2023-03-15 21:29:21.411  WARN 26828 --- [    Test worker] aWebConfiguration$JpaWebMvcConfiguration : spring.jpa.open-in-view is enabled by default. Therefore, database queries may be performed during view rendering. Explicitly configure spring.jpa.open-in-view to disable this warning
2023-03-15 21:29:21.435  INFO 26828 --- [    Test worker] o.s.b.a.w.s.WelcomePageHandlerMapping    : Adding welcome page template: index
2023-03-15 21:29:21.691  INFO 26828 --- [    Test worker] s.a.ScheduledAnnotationBeanPostProcessor : No TaskScheduler/ScheduledExecutorService bean found for scheduled processing
2023-03-15 21:29:21.730  INFO 26828 --- [    Test worker] o.s.b.w.embedded.tomcat.TomcatWebServer  : Tomcat started on port(s): 51028 (http) with context path ''
2023-03-15 21:29:21.732  INFO 26828 --- [    Test worker] c.j.b.s.web.IndexControllerTest          : Started IndexControllerTest in 2.226 seconds (JVM running for 12.712)
2023-03-15 21:29:21.858  INFO 26828 --- [o-auto-1-exec-1] o.a.c.c.C.[Tomcat].[localhost].[/]       : Initializing Spring DispatcherServlet 'dispatcherServlet'
2023-03-15 21:29:21.858  INFO 26828 --- [o-auto-1-exec-1] o.s.web.servlet.DispatcherServlet        : Initializing Servlet 'dispatcherServlet'
2023-03-15 21:29:21.884  INFO 26828 --- [o-auto-1-exec-1] o.s.web.servlet.DispatcherServlet        : Completed initialization in 26 ms
Hibernate: select posts0_.id as id1_0_, posts0_.created_date as created_2_0_, posts0_.modified_date as modified3_0_, posts0_.author as author4_0_, posts0_.content as content5_0_, posts0_.title as title6_0_ from posts posts0_ order by posts0_.id DESC
]]></system-out>
  <system-err><![CDATA[]]></system-err>
</testsuite>
